This is pdfTeX, Version 3.14159265-2.6-1.40.17 (TeX Live 2016) (preloaded format=pdflatex 2017.1.2)  20 JAN 2017 03:24
entering extended mode
 restricted \write18 enabled.
 %&-line parsing enabled.
**labbook.tex
(./labbook.tex
LaTeX2e <2016/03/31>
Babel <3.9r> and hyphenation patterns for 83 language(s) loaded.
(/usr/local/texlive/2016/texmf-dist/tex/latex/base/book.cls
Document Class: book 2014/09/29 v1.4h Standard LaTeX document class
(/usr/local/texlive/2016/texmf-dist/tex/latex/base/bk11.clo
File: bk11.clo 2014/09/29 v1.4h Standard LaTeX file (size option)
)
\c@part=\count79
\c@chapter=\count80
\c@section=\count81
\c@subsection=\count82
\c@subsubsection=\count83
\c@paragraph=\count84
\c@subparagraph=\count85
\c@figure=\count86
\c@table=\count87
\abovecaptionskip=\skip41
\belowcaptionskip=\skip42
\bibindent=\dimen102
)
(/usr/local/texlive/2016/texmf-dist/tex/latex/natbib/natbib.sty
Package: natbib 2010/09/13 8.31b (PWD, AO)
\bibhang=\skip43
\bibsep=\skip44
LaTeX Info: Redefining \cite on input line 694.
\c@NAT@ctr=\count88
)
\@input{settings.aux}
\openout2 = `settings.aux'.

(./settings.tex (/usr/local/texlive/2016/texmf-dist/tex/latex/base/inputenc.sty
Package: inputenc 2015/03/17 v1.2c Input encoding file
\inpenc@prehook=\toks14
\inpenc@posthook=\toks15
(/usr/local/texlive/2016/texmf-dist/tex/latex/base/utf8.def
File: utf8.def 2016/02/28 v1.1s UTF-8 support for inputenc
Now handling font encoding OML ...
... no UTF-8 mapping file for font encoding OML
Now handling font encoding T1 ...
... processing UTF-8 mapping file for font encoding T1

(/usr/local/texlive/2016/texmf-dist/tex/latex/base/t1enc.dfu
File: t1enc.dfu 2016/02/28 v1.1s UTF-8 support for inputenc
   defining Unicode char U+00A0 (decimal 160)
   defining Unicode char U+00A1 (decimal 161)
   defining Unicode char U+00A3 (decimal 163)
   defining Unicode char U+00AB (decimal 171)
   defining Unicode char U+00AD (decimal 173)
   defining Unicode char U+00BB (decimal 187)
   defining Unicode char U+00BF (decimal 191)
   defining Unicode char U+00C0 (decimal 192)
   defining Unicode char U+00C1 (decimal 193)
   defining Unicode char U+00C2 (decimal 194)
   defining Unicode char U+00C3 (decimal 195)
   defining Unicode char U+00C4 (decimal 196)
   defining Unicode char U+00C5 (decimal 197)
   defining Unicode char U+00C6 (decimal 198)
   defining Unicode char U+00C7 (decimal 199)
   defining Unicode char U+00C8 (decimal 200)
   defining Unicode char U+00C9 (decimal 201)
   defining Unicode char U+00CA (decimal 202)
   defining Unicode char U+00CB (decimal 203)
   defining Unicode char U+00CC (decimal 204)
   defining Unicode char U+00CD (decimal 205)
   defining Unicode char U+00CE (decimal 206)
   defining Unicode char U+00CF (decimal 207)
   defining Unicode char U+00D0 (decimal 208)
   defining Unicode char U+00D1 (decimal 209)
   defining Unicode char U+00D2 (decimal 210)
   defining Unicode char U+00D3 (decimal 211)
   defining Unicode char U+00D4 (decimal 212)
   defining Unicode char U+00D5 (decimal 213)
   defining Unicode char U+00D6 (decimal 214)
   defining Unicode char U+00D8 (decimal 216)
   defining Unicode char U+00D9 (decimal 217)
   defining Unicode char U+00DA (decimal 218)
   defining Unicode char U+00DB (decimal 219)
   defining Unicode char U+00DC (decimal 220)
   defining Unicode char U+00DD (decimal 221)
   defining Unicode char U+00DE (decimal 222)
   defining Unicode char U+00DF (decimal 223)
   defining Unicode char U+00E0 (decimal 224)
   defining Unicode char U+00E1 (decimal 225)
   defining Unicode char U+00E2 (decimal 226)
   defining Unicode char U+00E3 (decimal 227)
   defining Unicode char U+00E4 (decimal 228)
   defining Unicode char U+00E5 (decimal 229)
   defining Unicode char U+00E6 (decimal 230)
   defining Unicode char U+00E7 (decimal 231)
   defining Unicode char U+00E8 (decimal 232)
   defining Unicode char U+00E9 (decimal 233)
   defining Unicode char U+00EA (decimal 234)
   defining Unicode char U+00EB (decimal 235)
   defining Unicode char U+00EC (decimal 236)
   defining Unicode char U+00ED (decimal 237)
   defining Unicode char U+00EE (decimal 238)
   defining Unicode char U+00EF (decimal 239)
   defining Unicode char U+00F0 (decimal 240)
   defining Unicode char U+00F1 (decimal 241)
   defining Unicode char U+00F2 (decimal 242)
   defining Unicode char U+00F3 (decimal 243)
   defining Unicode char U+00F4 (decimal 244)
   defining Unicode char U+00F5 (decimal 245)
   defining Unicode char U+00F6 (decimal 246)
   defining Unicode char U+00F8 (decimal 248)
   defining Unicode char U+00F9 (decimal 249)
   defining Unicode char U+00FA (decimal 250)
   defining Unicode char U+00FB (decimal 251)
   defining Unicode char U+00FC (decimal 252)
   defining Unicode char U+00FD (decimal 253)
   defining Unicode char U+00FE (decimal 254)
   defining Unicode char U+00FF (decimal 255)
   defining Unicode char U+0100 (decimal 256)
   defining Unicode char U+0101 (decimal 257)
   defining Unicode char U+0102 (decimal 258)
   defining Unicode char U+0103 (decimal 259)
   defining Unicode char U+0104 (decimal 260)
   defining Unicode char U+0105 (decimal 261)
   defining Unicode char U+0106 (decimal 262)
   defining Unicode char U+0107 (decimal 263)
   defining Unicode char U+0108 (decimal 264)
   defining Unicode char U+0109 (decimal 265)
   defining Unicode char U+010A (decimal 266)
   defining Unicode char U+010B (decimal 267)
   defining Unicode char U+010C (decimal 268)
   defining Unicode char U+010D (decimal 269)
   defining Unicode char U+010E (decimal 270)
   defining Unicode char U+010F (decimal 271)
   defining Unicode char U+0110 (decimal 272)
   defining Unicode char U+0111 (decimal 273)
   defining Unicode char U+0112 (decimal 274)
   defining Unicode char U+0113 (decimal 275)
   defining Unicode char U+0114 (decimal 276)
   defining Unicode char U+0115 (decimal 277)
   defining Unicode char U+0116 (decimal 278)
   defining Unicode char U+0117 (decimal 279)
   defining Unicode char U+0118 (decimal 280)
   defining Unicode char U+0119 (decimal 281)
   defining Unicode char U+011A (decimal 282)
   defining Unicode char U+011B (decimal 283)
   defining Unicode char U+011C (decimal 284)
   defining Unicode char U+011D (decimal 285)
   defining Unicode char U+011E (decimal 286)
   defining Unicode char U+011F (decimal 287)
   defining Unicode char U+0120 (decimal 288)
   defining Unicode char U+0121 (decimal 289)
   defining Unicode char U+0122 (decimal 290)
   defining Unicode char U+0123 (decimal 291)
   defining Unicode char U+0124 (decimal 292)
   defining Unicode char U+0125 (decimal 293)
   defining Unicode char U+0128 (decimal 296)
   defining Unicode char U+0129 (decimal 297)
   defining Unicode char U+012A (decimal 298)
   defining Unicode char U+012B (decimal 299)
   defining Unicode char U+012C (decimal 300)
   defining Unicode char U+012D (decimal 301)
   defining Unicode char U+012E (decimal 302)
   defining Unicode char U+012F (decimal 303)
   defining Unicode char U+0130 (decimal 304)
   defining Unicode char U+0131 (decimal 305)
   defining Unicode char U+0132 (decimal 306)
   defining Unicode char U+0133 (decimal 307)
   defining Unicode char U+0134 (decimal 308)
   defining Unicode char U+0135 (decimal 309)
   defining Unicode char U+0136 (decimal 310)
   defining Unicode char U+0137 (decimal 311)
   defining Unicode char U+0139 (decimal 313)
   defining Unicode char U+013A (decimal 314)
   defining Unicode char U+013B (decimal 315)
   defining Unicode char U+013C (decimal 316)
   defining Unicode char U+013D (decimal 317)
   defining Unicode char U+013E (decimal 318)
   defining Unicode char U+0141 (decimal 321)
   defining Unicode char U+0142 (decimal 322)
   defining Unicode char U+0143 (decimal 323)
   defining Unicode char U+0144 (decimal 324)
   defining Unicode char U+0145 (decimal 325)
   defining Unicode char U+0146 (decimal 326)
   defining Unicode char U+0147 (decimal 327)
   defining Unicode char U+0148 (decimal 328)
   defining Unicode char U+014A (decimal 330)
   defining Unicode char U+014B (decimal 331)
   defining Unicode char U+014C (decimal 332)
   defining Unicode char U+014D (decimal 333)
   defining Unicode char U+014E (decimal 334)
   defining Unicode char U+014F (decimal 335)
   defining Unicode char U+0150 (decimal 336)
   defining Unicode char U+0151 (decimal 337)
   defining Unicode char U+0152 (decimal 338)
   defining Unicode char U+0153 (decimal 339)
   defining Unicode char U+0154 (decimal 340)
   defining Unicode char U+0155 (decimal 341)
   defining Unicode char U+0156 (decimal 342)
   defining Unicode char U+0157 (decimal 343)
   defining Unicode char U+0158 (decimal 344)
   defining Unicode char U+0159 (decimal 345)
   defining Unicode char U+015A (decimal 346)
   defining Unicode char U+015B (decimal 347)
   defining Unicode char U+015C (decimal 348)
   defining Unicode char U+015D (decimal 349)
   defining Unicode char U+015E (decimal 350)
   defining Unicode char U+015F (decimal 351)
   defining Unicode char U+0160 (decimal 352)
   defining Unicode char U+0161 (decimal 353)
   defining Unicode char U+0162 (decimal 354)
   defining Unicode char U+0163 (decimal 355)
   defining Unicode char U+0164 (decimal 356)
   defining Unicode char U+0165 (decimal 357)
   defining Unicode char U+0168 (decimal 360)
   defining Unicode char U+0169 (decimal 361)
   defining Unicode char U+016A (decimal 362)
   defining Unicode char U+016B (decimal 363)
   defining Unicode char U+016C (decimal 364)
   defining Unicode char U+016D (decimal 365)
   defining Unicode char U+016E (decimal 366)
   defining Unicode char U+016F (decimal 367)
   defining Unicode char U+0170 (decimal 368)
   defining Unicode char U+0171 (decimal 369)
   defining Unicode char U+0172 (decimal 370)
   defining Unicode char U+0173 (decimal 371)
   defining Unicode char U+0174 (decimal 372)
   defining Unicode char U+0175 (decimal 373)
   defining Unicode char U+0176 (decimal 374)
   defining Unicode char U+0177 (decimal 375)
   defining Unicode char U+0178 (decimal 376)
   defining Unicode char U+0179 (decimal 377)
   defining Unicode char U+017A (decimal 378)
   defining Unicode char U+017B (decimal 379)
   defining Unicode char U+017C (decimal 380)
   defining Unicode char U+017D (decimal 381)
   defining Unicode char U+017E (decimal 382)
   defining Unicode char U+01CD (decimal 461)
   defining Unicode char U+01CE (decimal 462)
   defining Unicode char U+01CF (decimal 463)
   defining Unicode char U+01D0 (decimal 464)
   defining Unicode char U+01D1 (decimal 465)
   defining Unicode char U+01D2 (decimal 466)
   defining Unicode char U+01D3 (decimal 467)
   defining Unicode char U+01D4 (decimal 468)
   defining Unicode char U+01E2 (decimal 482)
   defining Unicode char U+01E3 (decimal 483)
   defining Unicode char U+01E6 (decimal 486)
   defining Unicode char U+01E7 (decimal 487)
   defining Unicode char U+01E8 (decimal 488)
   defining Unicode char U+01E9 (decimal 489)
   defining Unicode char U+01EA (decimal 490)
   defining Unicode char U+01EB (decimal 491)
   defining Unicode char U+01F0 (decimal 496)
   defining Unicode char U+01F4 (decimal 500)
   defining Unicode char U+01F5 (decimal 501)
   defining Unicode char U+0218 (decimal 536)
   defining Unicode char U+0219 (decimal 537)
   defining Unicode char U+021A (decimal 538)
   defining Unicode char U+021B (decimal 539)
   defining Unicode char U+1E02 (decimal 7682)
   defining Unicode char U+1E03 (decimal 7683)
   defining Unicode char U+200C (decimal 8204)
   defining Unicode char U+2010 (decimal 8208)
   defining Unicode char U+2011 (decimal 8209)
   defining Unicode char U+2012 (decimal 8210)
   defining Unicode char U+2013 (decimal 8211)
   defining Unicode char U+2014 (decimal 8212)
   defining Unicode char U+2015 (decimal 8213)
   defining Unicode char U+2018 (decimal 8216)
   defining Unicode char U+2019 (decimal 8217)
   defining Unicode char U+201A (decimal 8218)
   defining Unicode char U+201C (decimal 8220)
   defining Unicode char U+201D (decimal 8221)
   defining Unicode char U+201E (decimal 8222)
   defining Unicode char U+2030 (decimal 8240)
   defining Unicode char U+2031 (decimal 8241)
   defining Unicode char U+2039 (decimal 8249)
   defining Unicode char U+203A (decimal 8250)
   defining Unicode char U+2423 (decimal 9251)
)
Now handling font encoding OT1 ...
... processing UTF-8 mapping file for font encoding OT1

(/usr/local/texlive/2016/texmf-dist/tex/latex/base/ot1enc.dfu
File: ot1enc.dfu 2016/02/28 v1.1s UTF-8 support for inputenc
   defining Unicode char U+00A0 (decimal 160)
   defining Unicode char U+00A1 (decimal 161)
   defining Unicode char U+00A3 (decimal 163)
   defining Unicode char U+00AD (decimal 173)
   defining Unicode char U+00B8 (decimal 184)
   defining Unicode char U+00BF (decimal 191)
   defining Unicode char U+00C5 (decimal 197)
   defining Unicode char U+00C6 (decimal 198)
   defining Unicode char U+00D8 (decimal 216)
   defining Unicode char U+00DF (decimal 223)
   defining Unicode char U+00E6 (decimal 230)
   defining Unicode char U+00EC (decimal 236)
   defining Unicode char U+00ED (decimal 237)
   defining Unicode char U+00EE (decimal 238)
   defining Unicode char U+00EF (decimal 239)
   defining Unicode char U+00F8 (decimal 248)
   defining Unicode char U+0131 (decimal 305)
   defining Unicode char U+0141 (decimal 321)
   defining Unicode char U+0142 (decimal 322)
   defining Unicode char U+0152 (decimal 338)
   defining Unicode char U+0153 (decimal 339)
   defining Unicode char U+0174 (decimal 372)
   defining Unicode char U+0175 (decimal 373)
   defining Unicode char U+0176 (decimal 374)
   defining Unicode char U+0177 (decimal 375)
   defining Unicode char U+0218 (decimal 536)
   defining Unicode char U+0219 (decimal 537)
   defining Unicode char U+021A (decimal 538)
   defining Unicode char U+021B (decimal 539)
   defining Unicode char U+2013 (decimal 8211)
   defining Unicode char U+2014 (decimal 8212)
   defining Unicode char U+2018 (decimal 8216)
   defining Unicode char U+2019 (decimal 8217)
   defining Unicode char U+201C (decimal 8220)
   defining Unicode char U+201D (decimal 8221)
)
Now handling font encoding OMS ...
... processing UTF-8 mapping file for font encoding OMS

(/usr/local/texlive/2016/texmf-dist/tex/latex/base/omsenc.dfu
File: omsenc.dfu 2016/02/28 v1.1s UTF-8 support for inputenc
   defining Unicode char U+00A7 (decimal 167)
   defining Unicode char U+00B6 (decimal 182)
   defining Unicode char U+00B7 (decimal 183)
   defining Unicode char U+2020 (decimal 8224)
   defining Unicode char U+2021 (decimal 8225)
   defining Unicode char U+2022 (decimal 8226)
)
Now handling font encoding OMX ...
... no UTF-8 mapping file for font encoding OMX
Now handling font encoding U ...
... no UTF-8 mapping file for font encoding U
   defining Unicode char U+00A9 (decimal 169)
   defining Unicode char U+00AA (decimal 170)
   defining Unicode char U+00AE (decimal 174)
   defining Unicode char U+00BA (decimal 186)
   defining Unicode char U+02C6 (decimal 710)
   defining Unicode char U+02DC (decimal 732)
   defining Unicode char U+200C (decimal 8204)
   defining Unicode char U+2026 (decimal 8230)
   defining Unicode char U+2122 (decimal 8482)
   defining Unicode char U+2423 (decimal 9251)
))
(/usr/local/texlive/2016/texmf-dist/tex/latex/amsmath/amsmath.sty
Package: amsmath 2016/03/10 v2.15b AMS math features
\@mathmargin=\skip45

For additional information on amsmath, use the `?' option.
(/usr/local/texlive/2016/texmf-dist/tex/latex/amsmath/amstext.sty
Package: amstext 2000/06/29 v2.01 AMS text

(/usr/local/texlive/2016/texmf-dist/tex/latex/amsmath/amsgen.sty
File: amsgen.sty 1999/11/30 v2.0 generic functions
\@emptytoks=\toks16
\ex@=\dimen103
))
(/usr/local/texlive/2016/texmf-dist/tex/latex/amsmath/amsbsy.sty
Package: amsbsy 1999/11/29 v1.2d Bold Symbols
\pmbraise@=\dimen104
)
(/usr/local/texlive/2016/texmf-dist/tex/latex/amsmath/amsopn.sty
Package: amsopn 2016/03/08 v2.02 operator names
)
\inf@bad=\count89
LaTeX Info: Redefining \frac on input line 199.
\uproot@=\count90
\leftroot@=\count91
LaTeX Info: Redefining \overline on input line 297.
\classnum@=\count92
\DOTSCASE@=\count93
LaTeX Info: Redefining \ldots on input line 394.
LaTeX Info: Redefining \dots on input line 397.
LaTeX Info: Redefining \cdots on input line 518.
\Mathstrutbox@=\box26
\strutbox@=\box27
\big@size=\dimen105
LaTeX Font Info:    Redeclaring font encoding OML on input line 634.
LaTeX Font Info:    Redeclaring font encoding OMS on input line 635.
\macc@depth=\count94
\c@MaxMatrixCols=\count95
\dotsspace@=\muskip10
\c@parentequation=\count96
\dspbrk@lvl=\count97
\tag@help=\toks17
\row@=\count98
\column@=\count99
\maxfields@=\count100
\andhelp@=\toks18
\eqnshift@=\dimen106
\alignsep@=\dimen107
\tagshift@=\dimen108
\tagwidth@=\dimen109
\totwidth@=\dimen110
\lineht@=\dimen111
\@envbody=\toks19
\multlinegap=\skip46
\multlinetaggap=\skip47
\mathdisplay@stack=\toks20
LaTeX Info: Redefining \[ on input line 2739.
LaTeX Info: Redefining \] on input line 2740.
)
(/usr/local/texlive/2016/texmf-dist/tex/latex/amsfonts/amssymb.sty
Package: amssymb 2013/01/14 v3.01 AMS font symbols

(/usr/local/texlive/2016/texmf-dist/tex/latex/amsfonts/amsfonts.sty
Package: amsfonts 2013/01/14 v3.01 Basic AMSFonts support
\symAMSa=\mathgroup4
\symAMSb=\mathgroup5
LaTeX Font Info:    Overwriting math alphabet `\mathfrak' in version `bold'
(Font)                  U/euf/m/n --> U/euf/b/n on input line 106.
))
(/usr/local/texlive/2016/texmf-dist/tex/latex/tools/enumerate.sty
Package: enumerate 2015/07/23 v3.00 enumerate extensions (DPC)
\@enLab=\toks21
)
(/usr/local/texlive/2016/texmf-dist/tex/latex/geometry/geometry.sty
Package: geometry 2010/09/12 v5.6 Page Geometry

(/usr/local/texlive/2016/texmf-dist/tex/latex/graphics/keyval.sty
Package: keyval 2014/10/28 v1.15 key=value parser (DPC)
\KV@toks@=\toks22
)
(/usr/local/texlive/2016/texmf-dist/tex/generic/oberdiek/ifpdf.sty
Package: ifpdf 2016/05/14 v3.1 Provides the ifpdf switch
)
(/usr/local/texlive/2016/texmf-dist/tex/generic/oberdiek/ifvtex.sty
Package: ifvtex 2016/05/16 v1.6 Detect VTeX and its facilities (HO)
Package ifvtex Info: VTeX not detected.
)
(/usr/local/texlive/2016/texmf-dist/tex/generic/ifxetex/ifxetex.sty
Package: ifxetex 2010/09/12 v0.6 Provides ifxetex conditional
)
\Gm@cnth=\count101
\Gm@cntv=\count102
\c@Gm@tempcnt=\count103
\Gm@bindingoffset=\dimen112
\Gm@wd@mp=\dimen113
\Gm@odd@mp=\dimen114
\Gm@even@mp=\dimen115
\Gm@layoutwidth=\dimen116
\Gm@layoutheight=\dimen117
\Gm@layouthoffset=\dimen118
\Gm@layoutvoffset=\dimen119
\Gm@dimlist=\toks23
)
(/usr/local/texlive/2016/texmf-dist/tex/generic/babel/babel.sty
Package: babel 2016/04/23 3.9r The Babel package

(/usr/local/texlive/2016/texmf-dist/tex/generic/babel-english/english.ldf
Language: english 2012/08/20 v3.3p English support from the babel system

(/usr/local/texlive/2016/texmf-dist/tex/generic/babel/babel.def
File: babel.def 2016/04/23 3.9r Babel common definitions
\babel@savecnt=\count104
\U@D=\dimen120
)
\l@canadian = a dialect from \language\l@american 
\l@australian = a dialect from \language\l@british 
\l@newzealand = a dialect from \language\l@british 
))
(/usr/local/texlive/2016/texmf-dist/tex/latex/graphics/graphicx.sty
Package: graphicx 2014/10/28 v1.0g Enhanced LaTeX Graphics (DPC,SPQR)

(/usr/local/texlive/2016/texmf-dist/tex/latex/graphics/graphics.sty
Package: graphics 2016/05/09 v1.0r Standard LaTeX Graphics (DPC,SPQR)

(/usr/local/texlive/2016/texmf-dist/tex/latex/graphics/trig.sty
Package: trig 2016/01/03 v1.10 sin cos tan (DPC)
)
(/usr/local/texlive/2016/texmf-dist/tex/latex/graphics-cfg/graphics.cfg
File: graphics.cfg 2016/01/02 v1.10 sample graphics configuration
)
Package graphics Info: Driver file: pdftex.def on input line 96.

(/usr/local/texlive/2016/texmf-dist/tex/latex/pdftex-def/pdftex.def
File: pdftex.def 2011/05/27 v0.06d Graphics/color for pdfTeX

(/usr/local/texlive/2016/texmf-dist/tex/generic/oberdiek/infwarerr.sty
Package: infwarerr 2016/05/16 v1.4 Providing info/warning/error messages (HO)
)
(/usr/local/texlive/2016/texmf-dist/tex/generic/oberdiek/ltxcmds.sty
Package: ltxcmds 2016/05/16 v1.23 LaTeX kernel commands for general use (HO)
)
\Gread@gobject=\count105
))
\Gin@req@height=\dimen121
\Gin@req@width=\dimen122
)
(/usr/local/texlive/2016/texmf-dist/tex/latex/base/textcomp.sty
Package: textcomp 2005/09/27 v1.99g Standard LaTeX package
Package textcomp Info: Sub-encoding information:
(textcomp)               5 = only ISO-Adobe without \textcurrency
(textcomp)               4 = 5 + \texteuro
(textcomp)               3 = 4 + \textohm
(textcomp)               2 = 3 + \textestimated + \textcurrency
(textcomp)               1 = TS1 - \textcircled - \t
(textcomp)               0 = TS1 (full)
(textcomp)             Font families with sub-encoding setting implement
(textcomp)             only a restricted character set as indicated.
(textcomp)             Family '?' is the default used for unknown fonts.
(textcomp)             See the documentation for details.
Package textcomp Info: Setting ? sub-encoding to TS1/1 on input line 79.

(/usr/local/texlive/2016/texmf-dist/tex/latex/base/ts1enc.def
File: ts1enc.def 2001/06/05 v3.0e (jk/car/fm) Standard LaTeX file
Now handling font encoding TS1 ...
... processing UTF-8 mapping file for font encoding TS1

(/usr/local/texlive/2016/texmf-dist/tex/latex/base/ts1enc.dfu
File: ts1enc.dfu 2016/02/28 v1.1s UTF-8 support for inputenc
   defining Unicode char U+00A2 (decimal 162)
   defining Unicode char U+00A3 (decimal 163)
   defining Unicode char U+00A4 (decimal 164)
   defining Unicode char U+00A5 (decimal 165)
   defining Unicode char U+00A6 (decimal 166)
   defining Unicode char U+00A7 (decimal 167)
   defining Unicode char U+00A8 (decimal 168)
   defining Unicode char U+00A9 (decimal 169)
   defining Unicode char U+00AA (decimal 170)
   defining Unicode char U+00AC (decimal 172)
   defining Unicode char U+00AE (decimal 174)
   defining Unicode char U+00AF (decimal 175)
   defining Unicode char U+00B0 (decimal 176)
   defining Unicode char U+00B1 (decimal 177)
   defining Unicode char U+00B2 (decimal 178)
   defining Unicode char U+00B3 (decimal 179)
   defining Unicode char U+00B4 (decimal 180)
   defining Unicode char U+00B5 (decimal 181)
   defining Unicode char U+00B6 (decimal 182)
   defining Unicode char U+00B7 (decimal 183)
   defining Unicode char U+00B9 (decimal 185)
   defining Unicode char U+00BA (decimal 186)
   defining Unicode char U+00BC (decimal 188)
   defining Unicode char U+00BD (decimal 189)
   defining Unicode char U+00BE (decimal 190)
   defining Unicode char U+00D7 (decimal 215)
   defining Unicode char U+00F7 (decimal 247)
   defining Unicode char U+0192 (decimal 402)
   defining Unicode char U+02C7 (decimal 711)
   defining Unicode char U+02D8 (decimal 728)
   defining Unicode char U+02DD (decimal 733)
   defining Unicode char U+0E3F (decimal 3647)
   defining Unicode char U+2016 (decimal 8214)
   defining Unicode char U+2020 (decimal 8224)
   defining Unicode char U+2021 (decimal 8225)
   defining Unicode char U+2022 (decimal 8226)
   defining Unicode char U+2030 (decimal 8240)
   defining Unicode char U+2031 (decimal 8241)
   defining Unicode char U+203B (decimal 8251)
   defining Unicode char U+203D (decimal 8253)
   defining Unicode char U+2044 (decimal 8260)
   defining Unicode char U+204E (decimal 8270)
   defining Unicode char U+2052 (decimal 8274)
   defining Unicode char U+20A1 (decimal 8353)
   defining Unicode char U+20A4 (decimal 8356)
   defining Unicode char U+20A6 (decimal 8358)
   defining Unicode char U+20A9 (decimal 8361)
   defining Unicode char U+20AB (decimal 8363)
   defining Unicode char U+20AC (decimal 8364)
   defining Unicode char U+20B1 (decimal 8369)
   defining Unicode char U+2103 (decimal 8451)
   defining Unicode char U+2116 (decimal 8470)
   defining Unicode char U+2117 (decimal 8471)
   defining Unicode char U+211E (decimal 8478)
   defining Unicode char U+2120 (decimal 8480)
   defining Unicode char U+2122 (decimal 8482)
   defining Unicode char U+2126 (decimal 8486)
   defining Unicode char U+2127 (decimal 8487)
   defining Unicode char U+212E (decimal 8494)
   defining Unicode char U+2190 (decimal 8592)
   defining Unicode char U+2191 (decimal 8593)
   defining Unicode char U+2192 (decimal 8594)
   defining Unicode char U+2193 (decimal 8595)
   defining Unicode char U+2329 (decimal 9001)
   defining Unicode char U+232A (decimal 9002)
   defining Unicode char U+2422 (decimal 9250)
   defining Unicode char U+25E6 (decimal 9702)
   defining Unicode char U+25EF (decimal 9711)
   defining Unicode char U+266A (decimal 9834)
))
LaTeX Info: Redefining \oldstylenums on input line 334.
Package textcomp Info: Setting cmr sub-encoding to TS1/0 on input line 349.
Package textcomp Info: Setting cmss sub-encoding to TS1/0 on input line 350.
Package textcomp Info: Setting cmtt sub-encoding to TS1/0 on input line 351.
Package textcomp Info: Setting cmvtt sub-encoding to TS1/0 on input line 352.
Package textcomp Info: Setting cmbr sub-encoding to TS1/0 on input line 353.
Package textcomp Info: Setting cmtl sub-encoding to TS1/0 on input line 354.
Package textcomp Info: Setting ccr sub-encoding to TS1/0 on input line 355.
Package textcomp Info: Setting ptm sub-encoding to TS1/4 on input line 356.
Package textcomp Info: Setting pcr sub-encoding to TS1/4 on input line 357.
Package textcomp Info: Setting phv sub-encoding to TS1/4 on input line 358.
Package textcomp Info: Setting ppl sub-encoding to TS1/3 on input line 359.
Package textcomp Info: Setting pag sub-encoding to TS1/4 on input line 360.
Package textcomp Info: Setting pbk sub-encoding to TS1/4 on input line 361.
Package textcomp Info: Setting pnc sub-encoding to TS1/4 on input line 362.
Package textcomp Info: Setting pzc sub-encoding to TS1/4 on input line 363.
Package textcomp Info: Setting bch sub-encoding to TS1/4 on input line 364.
Package textcomp Info: Setting put sub-encoding to TS1/5 on input line 365.
Package textcomp Info: Setting uag sub-encoding to TS1/5 on input line 366.
Package textcomp Info: Setting ugq sub-encoding to TS1/5 on input line 367.
Package textcomp Info: Setting ul8 sub-encoding to TS1/4 on input line 368.
Package textcomp Info: Setting ul9 sub-encoding to TS1/4 on input line 369.
Package textcomp Info: Setting augie sub-encoding to TS1/5 on input line 370.
Package textcomp Info: Setting dayrom sub-encoding to TS1/3 on input line 371.
Package textcomp Info: Setting dayroms sub-encoding to TS1/3 on input line 372.

Package textcomp Info: Setting pxr sub-encoding to TS1/0 on input line 373.
Package textcomp Info: Setting pxss sub-encoding to TS1/0 on input line 374.
Package textcomp Info: Setting pxtt sub-encoding to TS1/0 on input line 375.
Package textcomp Info: Setting txr sub-encoding to TS1/0 on input line 376.
Package textcomp Info: Setting txss sub-encoding to TS1/0 on input line 377.
Package textcomp Info: Setting txtt sub-encoding to TS1/0 on input line 378.
Package textcomp Info: Setting lmr sub-encoding to TS1/0 on input line 379.
Package textcomp Info: Setting lmdh sub-encoding to TS1/0 on input line 380.
Package textcomp Info: Setting lmss sub-encoding to TS1/0 on input line 381.
Package textcomp Info: Setting lmssq sub-encoding to TS1/0 on input line 382.
Package textcomp Info: Setting lmvtt sub-encoding to TS1/0 on input line 383.
Package textcomp Info: Setting lmtt sub-encoding to TS1/0 on input line 384.
Package textcomp Info: Setting qhv sub-encoding to TS1/0 on input line 385.
Package textcomp Info: Setting qag sub-encoding to TS1/0 on input line 386.
Package textcomp Info: Setting qbk sub-encoding to TS1/0 on input line 387.
Package textcomp Info: Setting qcr sub-encoding to TS1/0 on input line 388.
Package textcomp Info: Setting qcs sub-encoding to TS1/0 on input line 389.
Package textcomp Info: Setting qpl sub-encoding to TS1/0 on input line 390.
Package textcomp Info: Setting qtm sub-encoding to TS1/0 on input line 391.
Package textcomp Info: Setting qzc sub-encoding to TS1/0 on input line 392.
Package textcomp Info: Setting qhvc sub-encoding to TS1/0 on input line 393.
Package textcomp Info: Setting futs sub-encoding to TS1/4 on input line 394.
Package textcomp Info: Setting futx sub-encoding to TS1/4 on input line 395.
Package textcomp Info: Setting futj sub-encoding to TS1/4 on input line 396.
Package textcomp Info: Setting hlh sub-encoding to TS1/3 on input line 397.
Package textcomp Info: Setting hls sub-encoding to TS1/3 on input line 398.
Package textcomp Info: Setting hlst sub-encoding to TS1/3 on input line 399.
Package textcomp Info: Setting hlct sub-encoding to TS1/5 on input line 400.
Package textcomp Info: Setting hlx sub-encoding to TS1/5 on input line 401.
Package textcomp Info: Setting hlce sub-encoding to TS1/5 on input line 402.
Package textcomp Info: Setting hlcn sub-encoding to TS1/5 on input line 403.
Package textcomp Info: Setting hlcw sub-encoding to TS1/5 on input line 404.
Package textcomp Info: Setting hlcf sub-encoding to TS1/5 on input line 405.
Package textcomp Info: Setting pplx sub-encoding to TS1/3 on input line 406.
Package textcomp Info: Setting pplj sub-encoding to TS1/3 on input line 407.
Package textcomp Info: Setting ptmx sub-encoding to TS1/4 on input line 408.
Package textcomp Info: Setting ptmj sub-encoding to TS1/4 on input line 409.
)
(/usr/local/texlive/2016/texmf-dist/tex/latex/wrapfig/wrapfig.sty
\wrapoverhang=\dimen123
\WF@size=\dimen124
\c@WF@wrappedlines=\count106
\WF@box=\box28
\WF@everypar=\toks24
Package: wrapfig 2003/01/31  v 3.6
)
(/usr/local/texlive/2016/texmf-dist/tex/latex/pdfpages/pdfpages.sty
Package: pdfpages 2016/04/19 v0.5f Insert pages of external PDF documents (AM)

(/usr/local/texlive/2016/texmf-dist/tex/latex/base/ifthen.sty
Package: ifthen 2014/09/29 v1.1c Standard LaTeX ifthen package (DPC)
)
(/usr/local/texlive/2016/texmf-dist/tex/latex/tools/calc.sty
Package: calc 2014/10/28 v4.3 Infix arithmetic (KKT,FJ)
\calc@Acount=\count107
\calc@Bcount=\count108
\calc@Adimen=\dimen125
\calc@Bdimen=\dimen126
\calc@Askip=\skip48
\calc@Bskip=\skip49
LaTeX Info: Redefining \setlength on input line 80.
LaTeX Info: Redefining \addtolength on input line 81.
\calc@Ccount=\count109
\calc@Cskip=\skip50
)
(/usr/local/texlive/2016/texmf-dist/tex/latex/eso-pic/eso-pic.sty
Package: eso-pic 2015/07/21 v2.0g eso-pic (RN)

(/usr/local/texlive/2016/texmf-dist/tex/generic/oberdiek/atbegshi.sty
Package: atbegshi 2016/05/16 v1.17 At begin shipout hook (HO)
)
(/usr/local/texlive/2016/texmf-dist/tex/latex/xcolor/xcolor.sty
Package: xcolor 2016/05/11 v2.12 LaTeX color extensions (UK)

(/usr/local/texlive/2016/texmf-dist/tex/latex/graphics-cfg/color.cfg
File: color.cfg 2016/01/02 v1.6 sample color configuration
)
Package xcolor Info: Driver file: pdftex.def on input line 225.
Package xcolor Info: Model `cmy' substituted by `cmy0' on input line 1348.
Package xcolor Info: Model `hsb' substituted by `rgb' on input line 1352.
Package xcolor Info: Model `RGB' extended on input line 1364.
Package xcolor Info: Model `HTML' substituted by `rgb' on input line 1366.
Package xcolor Info: Model `Hsb' substituted by `hsb' on input line 1367.
Package xcolor Info: Model `tHsb' substituted by `hsb' on input line 1368.
Package xcolor Info: Model `HSB' substituted by `hsb' on input line 1369.
Package xcolor Info: Model `Gray' substituted by `gray' on input line 1370.
Package xcolor Info: Model `wave' substituted by `hsb' on input line 1371.
))
\AM@pagewidth=\dimen127
\AM@pageheight=\dimen128

(/usr/local/texlive/2016/texmf-dist/tex/latex/pdfpages/pppdftex.def
File: pppdftex.def 2016/04/19 v0.5f Pdfpages driver for pdfTeX (AM)
)
\AM@pagebox=\box29
\AM@global@opts=\toks25
\AM@toc@title=\toks26
\c@AM@survey=\count110
\AM@templatesizebox=\box30
)
(/usr/local/texlive/2016/texmf-dist/tex/latex/fancyhdr/fancyhdr.sty
\fancy@headwidth=\skip51
\f@ncyO@elh=\skip52
\f@ncyO@erh=\skip53
\f@ncyO@olh=\skip54
\f@ncyO@orh=\skip55
\f@ncyO@elf=\skip56
\f@ncyO@erf=\skip57
\f@ncyO@olf=\skip58
\f@ncyO@orf=\skip59
)
(/usr/local/texlive/2016/texmf-dist/tex/latex/float/float.sty
Package: float 2001/11/08 v1.3d Float enhancements (AL)
\c@float@type=\count111
\float@exts=\toks27
\float@box=\box31
\@float@everytoks=\toks28
\@floatcapt=\box32
)
(/usr/local/texlive/2016/texmf-dist/tex/latex/sidecap/sidecap.sty
Package: sidecap 2003/06/06 v1.6f SideCap Package (RN/HjG)
\SC@BOXWD=\dimen129
\SC@CAPWD=\dimen130
\SC@tempdima=\dimen131
\SC@tempdimb=\dimen132
\c@SC@C=\count112
\SC@BOX=\box33
)
(/usr/local/texlive/2016/texmf-dist/tex/latex/caption/caption.sty
Package: caption 2016/02/21 v3.3-144 Customizing captions (AR)

(/usr/local/texlive/2016/texmf-dist/tex/latex/caption/caption3.sty
Package: caption3 2016/02/04 v1.7-139 caption3 kernel (AR)
Package caption3 Info: TeX engine: e-TeX on input line 67.
\captionmargin=\dimen133
\captionmargin@=\dimen134
\captionwidth=\dimen135
\caption@tempdima=\dimen136
\caption@indent=\dimen137
\caption@parindent=\dimen138
\caption@hangindent=\dimen139
)
\c@ContinuedFloat=\count113
Package caption Info: float package is loaded.
Package caption Info: sidecap package is loaded.
Package caption Info: wrapfig package is loaded.
))
(./labbook.aux (./preface.aux) (./guidelines_labbook.aux) (./mouse018.aux)
(./m018-20170113-1711.aux) (./m018-20170113-1720.aux) (./m018-20170113-1728.aux
) (./mouse019.aux) (./m019-20170113-1820.aux) (./m019-20170113-1842.aux)
(./m019-20170113-1853.aux) (./appendix_sop_imaging.aux)
(./appendix_sop_window_implant.aux) (./appendix_protocol_mouse_habituation.aux)
)
\openout1 = `labbook.aux'.

LaTeX Font Info:    Checking defaults for OML/cmm/m/it on input line 6.
LaTeX Font Info:    ... okay on input line 6.
LaTeX Font Info:    Checking defaults for T1/cmr/m/n on input line 6.
LaTeX Font Info:    ... okay on input line 6.
LaTeX Font Info:    Checking defaults for OT1/cmr/m/n on input line 6.
LaTeX Font Info:    ... okay on input line 6.
LaTeX Font Info:    Checking defaults for OMS/cmsy/m/n on input line 6.
LaTeX Font Info:    ... okay on input line 6.
LaTeX Font Info:    Checking defaults for OMX/cmex/m/n on input line 6.
LaTeX Font Info:    ... okay on input line 6.
LaTeX Font Info:    Checking defaults for U/cmr/m/n on input line 6.
LaTeX Font Info:    ... okay on input line 6.
LaTeX Font Info:    Checking defaults for TS1/cmr/m/n on input line 6.
LaTeX Font Info:    Try loading font information for TS1+cmr on input line 6.
 (/usr/local/texlive/2016/texmf-dist/tex/latex/base/ts1cmr.fd
File: ts1cmr.fd 2014/09/29 v2.5h Standard LaTeX font definitions
)
LaTeX Font Info:    ... okay on input line 6.

*geometry* driver: auto-detecting
*geometry* detected driver: pdftex
*geometry* verbose mode - [ preamble ] result:
* driver: pdftex
* paper: a4paper
* layout: <same size as paper>
* layoutoffset:(h,v)=(0.0pt,0.0pt)
* modes: twoside 
* h-part:(L,W,R)=(90.3375pt, 416.83289pt, 90.3375pt)
* v-part:(T,H,B)=(90.3375pt, 664.37186pt, 90.3375pt)
* \paperwidth=597.50787pt
* \paperheight=845.04684pt
* \textwidth=416.83289pt
* \textheight=664.37186pt
* \oddsidemargin=18.0675pt
* \evensidemargin=18.0675pt
* \topmargin=-13.80629pt
* \headheight=12.0pt
* \headsep=19.8738pt
* \topskip=11.0pt
* \footskip=27.46295pt
* \marginparwidth=106.0pt
* \marginparsep=7.0pt
* \columnsep=10.0pt
* \skip\footins=10.0pt plus 4.0pt minus 2.0pt
* \hoffset=0.0pt
* \voffset=0.0pt
* \mag=1000
* \@twocolumnfalse
* \@twosidetrue
* \@mparswitchtrue
* \@reversemarginfalse
* (1in=72.27pt=25.4mm, 1cm=28.453pt)

(/usr/local/texlive/2016/texmf-dist/tex/context/base/mkii/supp-pdf.mkii
[Loading MPS to PDF converter (version 2006.09.02).]
\scratchcounter=\count114
\scratchdimen=\dimen140
\scratchbox=\box34
\nofMPsegments=\count115
\nofMParguments=\count116
\everyMPshowfont=\toks29
\MPscratchCnt=\count117
\MPscratchDim=\dimen141
\MPnumerator=\count118
\makeMPintoPDFobject=\count119
\everyMPtoPDFconversion=\toks30
) (/usr/local/texlive/2016/texmf-dist/tex/generic/oberdiek/pdftexcmds.sty
Package: pdftexcmds 2016/05/10 v0.21 Utility functions of pdfTeX for LuaTeX (HO
)

(/usr/local/texlive/2016/texmf-dist/tex/generic/oberdiek/ifluatex.sty
Package: ifluatex 2016/05/16 v1.4 Provides the ifluatex switch (HO)
Package ifluatex Info: LuaTeX not detected.
)
Package pdftexcmds Info: LuaTeX not detected.
Package pdftexcmds Info: \pdf@primitive is available.
Package pdftexcmds Info: \pdf@ifprimitive is available.
Package pdftexcmds Info: \pdfdraftmode found.
)
(/usr/local/texlive/2016/texmf-dist/tex/latex/oberdiek/epstopdf-base.sty
Package: epstopdf-base 2016/05/15 v2.6 Base part for package epstopdf

(/usr/local/texlive/2016/texmf-dist/tex/latex/oberdiek/grfext.sty
Package: grfext 2016/05/16 v1.2 Manage graphics extensions (HO)

(/usr/local/texlive/2016/texmf-dist/tex/generic/oberdiek/kvdefinekeys.sty
Package: kvdefinekeys 2016/05/16 v1.4 Define keys (HO)
))
(/usr/local/texlive/2016/texmf-dist/tex/latex/oberdiek/kvoptions.sty
Package: kvoptions 2016/05/16 v3.12 Key value format for package options (HO)

(/usr/local/texlive/2016/texmf-dist/tex/generic/oberdiek/kvsetkeys.sty
Package: kvsetkeys 2016/05/16 v1.17 Key value parser (HO)

(/usr/local/texlive/2016/texmf-dist/tex/generic/oberdiek/etexcmds.sty
Package: etexcmds 2016/05/16 v1.6 Avoid name clashes with e-TeX commands (HO)
Package etexcmds Info: Could not find \expanded.
(etexcmds)             That can mean that you are not using pdfTeX 1.50 or
(etexcmds)             that some package has redefined \expanded.
(etexcmds)             In the latter case, load this package earlier.
)))
Package grfext Info: Graphics extension search list:
(grfext)             [.png,.pdf,.jpg,.mps,.jpeg,.jbig2,.jb2,.PNG,.PDF,.JPG,.JPE
G,.JBIG2,.JB2,.eps]
(grfext)             \AppendGraphicsExtensions on input line 456.

(/usr/local/texlive/2016/texmf-dist/tex/latex/latexconfig/epstopdf-sys.cfg
File: epstopdf-sys.cfg 2010/07/13 v1.3 Configuration of (r)epstopdf for TeX Liv
e
))
\AtBeginShipoutBox=\box35

(/usr/local/texlive/2016/texmf-dist/tex/latex/oberdiek/pdflscape.sty
Package: pdflscape 2016/05/14 v0.11 Display of landscape pages in PDF (HO)

(/usr/local/texlive/2016/texmf-dist/tex/latex/graphics/lscape.sty
Package: lscape 2000/10/22 v3.01 Landscape Pages (DPC)
)
Package pdflscape Info: Auto-detected driver: pdftex on input line 81.
)
(/usr/local/texlive/2016/texmf-dist/tex/latex/ms/ragged2e.sty
Package: ragged2e 2009/05/21 v2.1 ragged2e Package (MS)

(/usr/local/texlive/2016/texmf-dist/tex/latex/ms/everysel.sty
Package: everysel 2011/10/28 v1.2 EverySelectfont Package (MS)

ABD: EverySelectfont initializing macros
LaTeX Info: Redefining \selectfont on input line 126.
)
\CenteringLeftskip=\skip60
\RaggedLeftLeftskip=\skip61
\RaggedRightLeftskip=\skip62
\CenteringRightskip=\skip63
\RaggedLeftRightskip=\skip64
\RaggedRightRightskip=\skip65
\CenteringParfillskip=\skip66
\RaggedLeftParfillskip=\skip67
\RaggedRightParfillskip=\skip68
\JustifyingParfillskip=\skip69
\CenteringParindent=\skip70
\RaggedLeftParindent=\skip71
\RaggedRightParindent=\skip72
\JustifyingParindent=\skip73
)
Package caption Info: Begin \AtBeginDocument code.
Package caption Info: End \AtBeginDocument code.

<cover.pdf, id=1, 597.23125pt x 845.1575pt>
File: cover.pdf Graphic file (type pdf)
 <use cover.pdf>
Package pdftex.def Info: cover.pdf used on input line 9.
(pdftex.def)             Requested size: 597.22978pt x 845.15544pt.
File: cover.pdf Graphic file (type pdf)
 <use cover.pdf>
Package pdftex.def Info: cover.pdf used on input line 9.
(pdftex.def)             Requested size: 597.22978pt x 845.15544pt.

<cover.pdf, id=4, page=1, 597.23125pt x 845.1575pt>
File: cover.pdf Graphic file (type pdf)
 <use cover.pdf, page 1>
Package pdftex.def Info: cover.pdf, page1 used on input line 9.
(pdftex.def)             Requested size: 597.22978pt x 845.15544pt.
File: cover.pdf Graphic file (type pdf)

<use cover.pdf, page 1>
Package pdftex.def Info: cover.pdf, page1 used on input line 9.
(pdftex.def)             Requested size: 597.25711pt x 845.19412pt.
File: cover.pdf Graphic file (type pdf)
 <use cover.pdf, page 1>
Package pdftex.def Info: cover.pdf, page1 used on input line 9.
(pdftex.def)             Requested size: 597.25711pt x 845.19412pt.
File: cover.pdf Graphic file (type pdf)
 <use cover.pdf, page 1>
Package pdftex.def Info: cover.pdf, page1 used on input line 9.
(pdftex.def)             Requested size: 597.25711pt x 845.19412pt.
File: cover.pdf Graphic file (type pdf)

<use cover.pdf, page 1>
Package pdftex.def Info: cover.pdf, page1 used on input line 9.
(pdftex.def)             Requested size: 597.25711pt x 845.19412pt.
 [1




 <./cover.pdf>]
\openout2 = `preface.aux'.

 (./preface.tex

Package Fancyhdr Warning: \headheight is too small (12.0pt): 
 Make it at least 13.59999pt.
 We now make it that large for the rest of the document.
 This may cause the page layout to be inconsistent, however.

[2{/usr/local/texlive/2016/texmf-var/fonts/map/pdftex/updmap/pdftex.map}


])

Package Fancyhdr Warning: \headheight is too small (12.0pt): 
 Make it at least 13.59999pt.
 We now make it that large for the rest of the document.
 This may cause the page layout to be inconsistent, however.

[3]
\openout2 = `guidelines_labbook.aux'.

 (./guidelines_labbook.tex

Package Fancyhdr Warning: \headheight is too small (12.0pt): 
 Make it at least 13.59999pt.
 We now make it that large for the rest of the document.
 This may cause the page layout to be inconsistent, however.

[4



]

Package Fancyhdr Warning: \headheight is too small (12.0pt): 
 Make it at least 13.59999pt.
 We now make it that large for the rest of the document.
 This may cause the page layout to be inconsistent, however.

[5])

Package Fancyhdr Warning: \headheight is too small (12.0pt): 
 Make it at least 13.59999pt.
 We now make it that large for the rest of the document.
 This may cause the page layout to be inconsistent, however.

[6] (./labbook.toc
LaTeX Font Info:    Try loading font information for U+msa on input line 5.

(/usr/local/texlive/2016/texmf-dist/tex/latex/amsfonts/umsa.fd
File: umsa.fd 2013/01/14 v3.01 AMS symbols A
)
LaTeX Font Info:    Try loading font information for U+msb on input line 5.

(/usr/local/texlive/2016/texmf-dist/tex/latex/amsfonts/umsb.fd
File: umsb.fd 2013/01/14 v3.01 AMS symbols B
))
\tf@toc=\write3
\openout3 = `labbook.toc'.



Package Fancyhdr Warning: \headheight is too small (12.0pt): 
 Make it at least 13.59999pt.
 We now make it that large for the rest of the document.
 This may cause the page layout to be inconsistent, however.

[7


]

Package Fancyhdr Warning: \headheight is too small (12.0pt): 
 Make it at least 13.59999pt.
 We now make it that large for the rest of the document.
 This may cause the page layout to be inconsistent, however.

[8

]
Chapter 1.

Package Fancyhdr Warning: \headheight is too small (12.0pt): 
 Make it at least 13.59999pt.
 We now make it that large for the rest of the document.
 This may cause the page layout to be inconsistent, however.

[1

]
\openout2 = `mouse018.aux'.

 (./mouse018.tex
</Users/eivinhen/Google" "Drive/PhD/Lab/Eivind" "Hennestad/RotationExperiments/
LabBook/mouseInfo/mouse_pictures/mouse018.jpg, id=53, 803.0pt x 534.99875pt>
File: /Users/eivinhen/Google" "Drive/PhD/Lab/Eivind" "Hennestad/RotationExperim
ents/LabBook/mouseInfo/mouse_pictures/mouse018.jpg Graphic file (type jpg)

<use /Users/eivinhen/Google" "Drive/PhD/Lab/Eivind" "Hennestad/RotationExperime
nts/LabBook/mouseInfo/mouse_pictures/mouse018.jpg>
Package pdftex.def Info: /Users/eivinhen/Google" "Drive/PhD/Lab/Eivind" "Hennes
tad/RotationExperiments/LabBook/mouseInfo/mouse_pictures/mouse018.jpg used on i
nput line 6.
(pdftex.def)             Requested size: 133.38498pt x 88.86691pt.

Overfull \hbox (2.43332pt too wide) in paragraph at lines 4--23
[][] [] 
 []


Overfull \hbox (2.00797pt too wide) in alignment at lines 24--30
[] [] [] [] [] [] []
 []


Underfull \hbox (badness 10000) in alignment at lines 32--36
[][]
 []


Underfull \hbox (badness 10000) in alignment at lines 37--40
[][]
 []


</Users/eivinhen/Google" "Drive/PhD/Lab/Eivind" "Hennestad/RotationExperiments/
LabBook/brain_surface/mouse018-injections.png, id=54, 495.8525pt x 495.8525pt>
File: /Users/eivinhen/Google" "Drive/PhD/Lab/Eivind" "Hennestad/RotationExperim
ents/LabBook/brain_surface/mouse018-injections.png Graphic file (type png)

<use /Users/eivinhen/Google" "Drive/PhD/Lab/Eivind" "Hennestad/RotationExperime
nts/LabBook/brain_surface/mouse018-injections.png>
Package pdftex.def Info: /Users/eivinhen/Google" "Drive/PhD/Lab/Eivind" "Hennes
tad/RotationExperiments/LabBook/brain_surface/mouse018-injections.png used on i
nput line 43.
(pdftex.def)             Requested size: 183.40817pt x 183.40959pt.

Overfull \hbox (2.43332pt too wide) in paragraph at lines 32--63
[] [] 
 []


Underfull \hbox (badness 10000) in alignment at lines 70--74
[]
 []


Underfull \hbox (badness 10000) in alignment at lines 86--89
[][]
 []


</Users/eivinhen/Google" "Drive/PhD/Lab/Eivind" "Hennestad/RotationExperiments/
LabBook/brain_surface/mouse018-populations.png, id=55, 495.8525pt x 495.8525pt>
File: /Users/eivinhen/Google" "Drive/PhD/Lab/Eivind" "Hennestad/RotationExperim
ents/LabBook/brain_surface/mouse018-populations.png Graphic file (type png)

<use /Users/eivinhen/Google" "Drive/PhD/Lab/Eivind" "Hennestad/RotationExperime
nts/LabBook/brain_surface/mouse018-populations.png>
Package pdftex.def Info: /Users/eivinhen/Google" "Drive/PhD/Lab/Eivind" "Hennes
tad/RotationExperiments/LabBook/brain_surface/mouse018-populations.png used on 
input line 92.
(pdftex.def)             Requested size: 225.0905pt x 225.09117pt.

Overfull \hbox (2.43332pt too wide) in paragraph at lines 86--106
[] [] 
 []

)
Overfull \hbox (12.0pt too wide) in paragraph at lines 24--16
[] 
 []


Overfull \hbox (12.0pt too wide) in paragraph at lines 24--16
[] 
 []


Overfull \hbox (2.43333pt too wide) in paragraph at lines 24--16
 [] 
 []


Underfull \vbox (badness 2884) has occurred while \output is active []



Package Fancyhdr Warning: \headheight is too small (12.0pt): 
 Make it at least 13.59999pt.
 We now make it that large for the rest of the document.
 This may cause the page layout to be inconsistent, however.

[2

 </Users/eivinhen/Google Drive/PhD/Lab/Eivind Hennestad/RotationExperiments/Lab
Book/mouseInfo/mouse_pictures/mouse018.jpg> </Users/eivinhen/Google Drive/PhD/L
ab/Eivind Hennestad/RotationExperiments/LabBook/brain_surface/mouse018-injectio
ns.png (PNG copy)>]

Package Fancyhdr Warning: \headheight is too small (12.0pt): 
 Make it at least 13.59999pt.
 We now make it that large for the rest of the document.
 This may cause the page layout to be inconsistent, however.

[3 </Users/eivinhen/Google Drive/PhD/Lab/Eivind Hennestad/RotationExperiments/L
abBook/brain_surface/mouse018-populations.png (PNG copy)>]
\openout2 = `m018-20170113-1711.aux'.


(./m018-20170113-1711.tex
</Users/eivinhen/Google" "Drive/PhD/Lab/Eivind" "Hennestad/RotationExperiments/
LabBook/imaged_populations/m018-20170113-1711.png, id=62, 513.92pt x 513.92pt>
File: /Users/eivinhen/Google" "Drive/PhD/Lab/Eivind" "Hennestad/RotationExperim
ents/LabBook/imaged_populations/m018-20170113-1711.png Graphic file (type png)

<use /Users/eivinhen/Google" "Drive/PhD/Lab/Eivind" "Hennestad/RotationExperime
nts/LabBook/imaged_populations/m018-20170113-1711.png>
Package pdftex.def Info: /Users/eivinhen/Google" "Drive/PhD/Lab/Eivind" "Hennes
tad/RotationExperiments/LabBook/imaged_populations/m018-20170113-1711.png used 
on input line 22.
(pdftex.def)             Requested size: 229.25935pt x 229.2622pt.

Overfull \hbox (2.43332pt too wide) in paragraph at lines 4--38
[] [] 
 []


Underfull \hbox (badness 10000) in alignment at lines 39--42
[]
 []


</Users/eivinhen/Google" "Drive/PhD/Lab/Eivind" "Hennestad/RotationExperiments/
LabBook/sessionData/summary_plots/session-m018-20170113-1711.png, id=63, 722.7p
t x 361.35pt>
File: /Users/eivinhen/Google" "Drive/PhD/Lab/Eivind" "Hennestad/RotationExperim
ents/LabBook/sessionData/summary_plots/session-m018-20170113-1711.png Graphic f
ile (type png)

<use /Users/eivinhen/Google" "Drive/PhD/Lab/Eivind" "Hennestad/RotationExperime
nts/LabBook/sessionData/summary_plots/session-m018-20170113-1711.png>
Package pdftex.def Info: /Users/eivinhen/Google" "Drive/PhD/Lab/Eivind" "Hennes
tad/RotationExperiments/LabBook/sessionData/summary_plots/session-m018-20170113
-1711.png used on input line 43.
(pdftex.def)             Requested size: 416.83289pt x 208.41423pt.
)

Package Fancyhdr Warning: \headheight is too small (12.0pt): 
 Make it at least 13.59999pt.
 We now make it that large for the rest of the document.
 This may cause the page layout to be inconsistent, however.

[4


 </Users/eivinhen/Google Drive/PhD/Lab/Eivind Hennestad/RotationExperiments/Lab
Book/imaged_populations/m018-20170113-1711.png (PNG copy)> </Users/eivinhen/Goo
gle Drive/PhD/Lab/Eivind Hennestad/RotationExperiments/LabBook/sessionData/summ
ary_plots/session-m018-20170113-1711.png (PNG copy)>]
\openout2 = `m018-20170113-1720.aux'.


(./m018-20170113-1720.tex
</Users/eivinhen/Google" "Drive/PhD/Lab/Eivind" "Hennestad/RotationExperiments/
LabBook/imaged_populations/m018-20170113-1720.png, id=67, 513.92pt x 513.92pt>
File: /Users/eivinhen/Google" "Drive/PhD/Lab/Eivind" "Hennestad/RotationExperim
ents/LabBook/imaged_populations/m018-20170113-1720.png Graphic file (type png)

<use /Users/eivinhen/Google" "Drive/PhD/Lab/Eivind" "Hennestad/RotationExperime
nts/LabBook/imaged_populations/m018-20170113-1720.png>
Package pdftex.def Info: /Users/eivinhen/Google" "Drive/PhD/Lab/Eivind" "Hennes
tad/RotationExperiments/LabBook/imaged_populations/m018-20170113-1720.png used 
on input line 22.
(pdftex.def)             Requested size: 229.25935pt x 229.2622pt.

Overfull \hbox (2.43332pt too wide) in paragraph at lines 4--38
[] [] 
 []


Underfull \hbox (badness 10000) in alignment at lines 39--42
[]
 []


</Users/eivinhen/Google" "Drive/PhD/Lab/Eivind" "Hennestad/RotationExperiments/
LabBook/sessionData/summary_plots/session-m018-20170113-1720.png, id=68, 722.7p
t x 361.35pt>
File: /Users/eivinhen/Google" "Drive/PhD/Lab/Eivind" "Hennestad/RotationExperim
ents/LabBook/sessionData/summary_plots/session-m018-20170113-1720.png Graphic f
ile (type png)

<use /Users/eivinhen/Google" "Drive/PhD/Lab/Eivind" "Hennestad/RotationExperime
nts/LabBook/sessionData/summary_plots/session-m018-20170113-1720.png>
Package pdftex.def Info: /Users/eivinhen/Google" "Drive/PhD/Lab/Eivind" "Hennes
tad/RotationExperiments/LabBook/sessionData/summary_plots/session-m018-20170113
-1720.png used on input line 43.
(pdftex.def)             Requested size: 416.83289pt x 208.41423pt.
)

Package Fancyhdr Warning: \headheight is too small (12.0pt): 
 Make it at least 13.59999pt.
 We now make it that large for the rest of the document.
 This may cause the page layout to be inconsistent, however.

[5


 </Users/eivinhen/Google Drive/PhD/Lab/Eivind Hennestad/RotationExperiments/Lab
Book/imaged_populations/m018-20170113-1720.png (PNG copy)> </Users/eivinhen/Goo
gle Drive/PhD/Lab/Eivind Hennestad/RotationExperiments/LabBook/sessionData/summ
ary_plots/session-m018-20170113-1720.png (PNG copy)>]
\openout2 = `m018-20170113-1728.aux'.


(./m018-20170113-1728.tex
</Users/eivinhen/Google" "Drive/PhD/Lab/Eivind" "Hennestad/RotationExperiments/
LabBook/imaged_populations/m018-20170113-1728.png, id=73, 513.92pt x 513.92pt>
File: /Users/eivinhen/Google" "Drive/PhD/Lab/Eivind" "Hennestad/RotationExperim
ents/LabBook/imaged_populations/m018-20170113-1728.png Graphic file (type png)

<use /Users/eivinhen/Google" "Drive/PhD/Lab/Eivind" "Hennestad/RotationExperime
nts/LabBook/imaged_populations/m018-20170113-1728.png>
Package pdftex.def Info: /Users/eivinhen/Google" "Drive/PhD/Lab/Eivind" "Hennes
tad/RotationExperiments/LabBook/imaged_populations/m018-20170113-1728.png used 
on input line 22.
(pdftex.def)             Requested size: 229.25935pt x 229.2622pt.

Overfull \hbox (2.43332pt too wide) in paragraph at lines 4--38
[] [] 
 []


Underfull \hbox (badness 10000) in alignment at lines 39--42
[]
 []


</Users/eivinhen/Google" "Drive/PhD/Lab/Eivind" "Hennestad/RotationExperiments/
LabBook/sessionData/summary_plots/session-m018-20170113-1728.png, id=74, 722.7p
t x 361.35pt>
File: /Users/eivinhen/Google" "Drive/PhD/Lab/Eivind" "Hennestad/RotationExperim
ents/LabBook/sessionData/summary_plots/session-m018-20170113-1728.png Graphic f
ile (type png)

<use /Users/eivinhen/Google" "Drive/PhD/Lab/Eivind" "Hennestad/RotationExperime
nts/LabBook/sessionData/summary_plots/session-m018-20170113-1728.png>
Package pdftex.def Info: /Users/eivinhen/Google" "Drive/PhD/Lab/Eivind" "Hennes
tad/RotationExperiments/LabBook/sessionData/summary_plots/session-m018-20170113
-1728.png used on input line 43.
(pdftex.def)             Requested size: 416.83289pt x 208.41423pt.
)

Package Fancyhdr Warning: \headheight is too small (12.0pt): 
 Make it at least 13.59999pt.
 We now make it that large for the rest of the document.
 This may cause the page layout to be inconsistent, however.

[6


 </Users/eivinhen/Google Drive/PhD/Lab/Eivind Hennestad/RotationExperiments/Lab
Book/imaged_populations/m018-20170113-1728.png (PNG copy)> </Users/eivinhen/Goo
gle Drive/PhD/Lab/Eivind Hennestad/RotationExperiments/LabBook/sessionData/summ
ary_plots/session-m018-20170113-1728.png (PNG copy)>]
\openout2 = `mouse019.aux'.

 (./mouse019.tex
</Users/eivinhen/Google" "Drive/PhD/Lab/Eivind" "Hennestad/RotationExperiments/
LabBook/mouseInfo/mouse_pictures/mouse019.jpg, id=78, 803.0pt x 534.99875pt>
File: /Users/eivinhen/Google" "Drive/PhD/Lab/Eivind" "Hennestad/RotationExperim
ents/LabBook/mouseInfo/mouse_pictures/mouse019.jpg Graphic file (type jpg)

<use /Users/eivinhen/Google" "Drive/PhD/Lab/Eivind" "Hennestad/RotationExperime
nts/LabBook/mouseInfo/mouse_pictures/mouse019.jpg>
Package pdftex.def Info: /Users/eivinhen/Google" "Drive/PhD/Lab/Eivind" "Hennes
tad/RotationExperiments/LabBook/mouseInfo/mouse_pictures/mouse019.jpg used on i
nput line 6.
(pdftex.def)             Requested size: 133.38498pt x 88.86691pt.

Overfull \hbox (2.43332pt too wide) in paragraph at lines 4--23
[][] [] 
 []


Overfull \hbox (2.00797pt too wide) in alignment at lines 24--30
[] [] [] [] [] [] []
 []


Underfull \hbox (badness 10000) in alignment at lines 32--36
[][]
 []


Underfull \hbox (badness 10000) in alignment at lines 37--40
[][]
 []


</Users/eivinhen/Google" "Drive/PhD/Lab/Eivind" "Hennestad/RotationExperiments/
LabBook/brain_surface/mouse019-injections.png, id=79, 441.65pt x 502.87875pt>
File: /Users/eivinhen/Google" "Drive/PhD/Lab/Eivind" "Hennestad/RotationExperim
ents/LabBook/brain_surface/mouse019-injections.png Graphic file (type png)

<use /Users/eivinhen/Google" "Drive/PhD/Lab/Eivind" "Hennestad/RotationExperime
nts/LabBook/brain_surface/mouse019-injections.png>
Package pdftex.def Info: /Users/eivinhen/Google" "Drive/PhD/Lab/Eivind" "Hennes
tad/RotationExperiments/LabBook/brain_surface/mouse019-injections.png used on i
nput line 43.
(pdftex.def)             Requested size: 183.40817pt x 208.83658pt.

Overfull \hbox (2.43332pt too wide) in paragraph at lines 32--64
[] [] 
 []


Underfull \hbox (badness 10000) in alignment at lines 71--75
[]
 []


Underfull \hbox (badness 10000) in alignment at lines 87--90
[][]
 []


</Users/eivinhen/Google" "Drive/PhD/Lab/Eivind" "Hennestad/RotationExperiments/
LabBook/brain_surface/mouse019-populations.png, id=80, 441.65pt x 502.87875pt>
File: /Users/eivinhen/Google" "Drive/PhD/Lab/Eivind" "Hennestad/RotationExperim
ents/LabBook/brain_surface/mouse019-populations.png Graphic file (type png)

<use /Users/eivinhen/Google" "Drive/PhD/Lab/Eivind" "Hennestad/RotationExperime
nts/LabBook/brain_surface/mouse019-populations.png>
Package pdftex.def Info: /Users/eivinhen/Google" "Drive/PhD/Lab/Eivind" "Hennes
tad/RotationExperiments/LabBook/brain_surface/mouse019-populations.png used on 
input line 93.
(pdftex.def)             Requested size: 225.0905pt x 256.29594pt.

Overfull \hbox (2.43332pt too wide) in paragraph at lines 87--106
[] [] 
 []

)
Overfull \hbox (12.0pt too wide) in paragraph at lines 24--20
[] 
 []


Overfull \hbox (12.0pt too wide) in paragraph at lines 24--20
[] 
 []


Overfull \hbox (2.43333pt too wide) in paragraph at lines 24--20
 [] 
 []


Package Fancyhdr Warning: \headheight is too small (12.0pt): 
 Make it at least 13.59999pt.
 We now make it that large for the rest of the document.
 This may cause the page layout to be inconsistent, however.

[7


 </Users/eivinhen/Google Drive/PhD/Lab/Eivind Hennestad/RotationExperiments/Lab
Book/mouseInfo/mouse_pictures/mouse019.jpg> </Users/eivinhen/Google Drive/PhD/L
ab/Eivind Hennestad/RotationExperiments/LabBook/brain_surface/mouse019-injectio
ns.png (PNG copy)>]

Package Fancyhdr Warning: \headheight is too small (12.0pt): 
 Make it at least 13.59999pt.
 We now make it that large for the rest of the document.
 This may cause the page layout to be inconsistent, however.

[8 </Users/eivinhen/Google Drive/PhD/Lab/Eivind Hennestad/RotationExperiments/L
abBook/brain_surface/mouse019-populations.png (PNG copy)>]
\openout2 = `m019-20170113-1820.aux'.


(./m019-20170113-1820.tex
</Users/eivinhen/Google" "Drive/PhD/Lab/Eivind" "Hennestad/RotationExperiments/
LabBook/imaged_populations/m019-20170113-1820.png, id=87, 513.92pt x 513.92pt>
File: /Users/eivinhen/Google" "Drive/PhD/Lab/Eivind" "Hennestad/RotationExperim
ents/LabBook/imaged_populations/m019-20170113-1820.png Graphic file (type png)

<use /Users/eivinhen/Google" "Drive/PhD/Lab/Eivind" "Hennestad/RotationExperime
nts/LabBook/imaged_populations/m019-20170113-1820.png>
Package pdftex.def Info: /Users/eivinhen/Google" "Drive/PhD/Lab/Eivind" "Hennes
tad/RotationExperiments/LabBook/imaged_populations/m019-20170113-1820.png used 
on input line 22.
(pdftex.def)             Requested size: 229.25935pt x 229.2622pt.

Overfull \hbox (2.43332pt too wide) in paragraph at lines 4--38
[] [] 
 []


Underfull \hbox (badness 10000) in alignment at lines 39--42
[]
 []


</Users/eivinhen/Google" "Drive/PhD/Lab/Eivind" "Hennestad/RotationExperiments/
LabBook/sessionData/summary_plots/session-m019-20170113-1820.png, id=88, 722.7p
t x 361.35pt>
File: /Users/eivinhen/Google" "Drive/PhD/Lab/Eivind" "Hennestad/RotationExperim
ents/LabBook/sessionData/summary_plots/session-m019-20170113-1820.png Graphic f
ile (type png)

<use /Users/eivinhen/Google" "Drive/PhD/Lab/Eivind" "Hennestad/RotationExperime
nts/LabBook/sessionData/summary_plots/session-m019-20170113-1820.png>
Package pdftex.def Info: /Users/eivinhen/Google" "Drive/PhD/Lab/Eivind" "Hennes
tad/RotationExperiments/LabBook/sessionData/summary_plots/session-m019-20170113
-1820.png used on input line 43.
(pdftex.def)             Requested size: 416.83289pt x 208.41423pt.
)

Package Fancyhdr Warning: \headheight is too small (12.0pt): 
 Make it at least 13.59999pt.
 We now make it that large for the rest of the document.
 This may cause the page layout to be inconsistent, however.

[9


 </Users/eivinhen/Google Drive/PhD/Lab/Eivind Hennestad/RotationExperiments/Lab
Book/imaged_populations/m019-20170113-1820.png (PNG copy)> </Users/eivinhen/Goo
gle Drive/PhD/Lab/Eivind Hennestad/RotationExperiments/LabBook/sessionData/summ
ary_plots/session-m019-20170113-1820.png (PNG copy)>]
\openout2 = `m019-20170113-1842.aux'.


(./m019-20170113-1842.tex
</Users/eivinhen/Google" "Drive/PhD/Lab/Eivind" "Hennestad/RotationExperiments/
LabBook/imaged_populations/m019-20170113-1842.png, id=92, 513.92pt x 513.92pt>
File: /Users/eivinhen/Google" "Drive/PhD/Lab/Eivind" "Hennestad/RotationExperim
ents/LabBook/imaged_populations/m019-20170113-1842.png Graphic file (type png)

<use /Users/eivinhen/Google" "Drive/PhD/Lab/Eivind" "Hennestad/RotationExperime
nts/LabBook/imaged_populations/m019-20170113-1842.png>
Package pdftex.def Info: /Users/eivinhen/Google" "Drive/PhD/Lab/Eivind" "Hennes
tad/RotationExperiments/LabBook/imaged_populations/m019-20170113-1842.png used 
on input line 22.
(pdftex.def)             Requested size: 229.25935pt x 229.2622pt.

Overfull \hbox (2.43332pt too wide) in paragraph at lines 4--38
[] [] 
 []


Underfull \hbox (badness 10000) in alignment at lines 39--42
[]
 []


</Users/eivinhen/Google" "Drive/PhD/Lab/Eivind" "Hennestad/RotationExperiments/
LabBook/sessionData/summary_plots/session-m019-20170113-1842.png, id=93, 722.7p
t x 361.35pt>
File: /Users/eivinhen/Google" "Drive/PhD/Lab/Eivind" "Hennestad/RotationExperim
ents/LabBook/sessionData/summary_plots/session-m019-20170113-1842.png Graphic f
ile (type png)

<use /Users/eivinhen/Google" "Drive/PhD/Lab/Eivind" "Hennestad/RotationExperime
nts/LabBook/sessionData/summary_plots/session-m019-20170113-1842.png>
Package pdftex.def Info: /Users/eivinhen/Google" "Drive/PhD/Lab/Eivind" "Hennes
tad/RotationExperiments/LabBook/sessionData/summary_plots/session-m019-20170113
-1842.png used on input line 43.
(pdftex.def)             Requested size: 416.83289pt x 208.41423pt.
)

Package Fancyhdr Warning: \headheight is too small (12.0pt): 
 Make it at least 13.59999pt.
 We now make it that large for the rest of the document.
 This may cause the page layout to be inconsistent, however.

[10


 </Users/eivinhen/Google Drive/PhD/Lab/Eivind Hennestad/RotationExperiments/Lab
Book/imaged_populations/m019-20170113-1842.png (PNG copy)> </Users/eivinhen/Goo
gle Drive/PhD/Lab/Eivind Hennestad/RotationExperiments/LabBook/sessionData/summ
ary_plots/session-m019-20170113-1842.png (PNG copy)>]
\openout2 = `m019-20170113-1853.aux'.


(./m019-20170113-1853.tex
</Users/eivinhen/Google" "Drive/PhD/Lab/Eivind" "Hennestad/RotationExperiments/
LabBook/imaged_populations/m019-20170113-1853.png, id=97, 513.92pt x 513.92pt>
File: /Users/eivinhen/Google" "Drive/PhD/Lab/Eivind" "Hennestad/RotationExperim
ents/LabBook/imaged_populations/m019-20170113-1853.png Graphic file (type png)

<use /Users/eivinhen/Google" "Drive/PhD/Lab/Eivind" "Hennestad/RotationExperime
nts/LabBook/imaged_populations/m019-20170113-1853.png>
Package pdftex.def Info: /Users/eivinhen/Google" "Drive/PhD/Lab/Eivind" "Hennes
tad/RotationExperiments/LabBook/imaged_populations/m019-20170113-1853.png used 
on input line 22.
(pdftex.def)             Requested size: 229.25935pt x 229.2622pt.

Overfull \hbox (2.43332pt too wide) in paragraph at lines 4--38
[] [] 
 []


Underfull \hbox (badness 10000) in alignment at lines 39--42
[]
 []


</Users/eivinhen/Google" "Drive/PhD/Lab/Eivind" "Hennestad/RotationExperiments/
LabBook/sessionData/summary_plots/session-m019-20170113-1853.png, id=98, 722.7p
t x 361.35pt>
File: /Users/eivinhen/Google" "Drive/PhD/Lab/Eivind" "Hennestad/RotationExperim
ents/LabBook/sessionData/summary_plots/session-m019-20170113-1853.png Graphic f
ile (type png)

<use /Users/eivinhen/Google" "Drive/PhD/Lab/Eivind" "Hennestad/RotationExperime
nts/LabBook/sessionData/summary_plots/session-m019-20170113-1853.png>
Package pdftex.def Info: /Users/eivinhen/Google" "Drive/PhD/Lab/Eivind" "Hennes
tad/RotationExperiments/LabBook/sessionData/summary_plots/session-m019-20170113
-1853.png used on input line 43.
(pdftex.def)             Requested size: 416.83289pt x 208.41423pt.
)

Package Fancyhdr Warning: \headheight is too small (12.0pt): 
 Make it at least 13.59999pt.
 We now make it that large for the rest of the document.
 This may cause the page layout to be inconsistent, however.

[11


 </Users/eivinhen/Google Drive/PhD/Lab/Eivind Hennestad/RotationExperiments/Lab
Book/imaged_populations/m019-20170113-1853.png (PNG copy)> </Users/eivinhen/Goo
gle Drive/PhD/Lab/Eivind Hennestad/RotationExperiments/LabBook/sessionData/summ
ary_plots/session-m019-20170113-1853.png (PNG copy)>]

Package Fancyhdr Warning: \headheight is too small (12.0pt): 
 Make it at least 13.59999pt.
 We now make it that large for the rest of the document.
 This may cause the page layout to be inconsistent, however.

[12


]
Appendix A.

Package Fancyhdr Warning: \headheight is too small (12.0pt): 
 Make it at least 13.59999pt.
 We now make it that large for the rest of the document.
 This may cause the page layout to be inconsistent, however.

[13]
\openout2 = `appendix_sop_imaging.aux'.

 (./appendix_sop_imaging.tex <imb_logo.png, id=109, 1023.825pt x 144.54pt>
File: imb_logo.png Graphic file (type png)

<use imb_logo.png>
Package pdftex.def Info: imb_logo.png used on input line 6.
(pdftex.def)             Requested size: 333.46758pt x 47.07639pt.
)

Package Fancyhdr Warning: \headheight is too small (12.0pt): 
 Make it at least 13.59999pt.
 We now make it that large for the rest of the document.
 This may cause the page layout to be inconsistent, however.

[14

 <./imb_logo.png (PNG copy)>]
\openout2 = `appendix_sop_window_implant.aux'.

 (./appendix_sop_window_implant.tex
File: imb_logo.png Graphic file (type png)

<use imb_logo.png>
Package pdftex.def Info: imb_logo.png used on input line 6.
(pdftex.def)             Requested size: 333.46758pt x 47.07639pt.
)

Package Fancyhdr Warning: \headheight is too small (12.0pt): 
 Make it at least 13.59999pt.
 We now make it that large for the rest of the document.
 This may cause the page layout to be inconsistent, however.

[15


]

Package Fancyhdr Warning: \headheight is too small (12.0pt): 
 Make it at least 13.59999pt.
 We now make it that large for the rest of the document.
 This may cause the page layout to be inconsistent, however.

[16


]
Appendix B.

Package Fancyhdr Warning: \headheight is too small (12.0pt): 
 Make it at least 13.59999pt.
 We now make it that large for the rest of the document.
 This may cause the page layout to be inconsistent, however.

[17]
\openout2 = `appendix_protocol_mouse_habituation.aux'.

 (./appendix_protocol_mouse_habituation.tex
File: imb_logo.png Graphic file (type png)
 <use imb_logo.png>
Package pdftex.def Info: imb_logo.png used on input line 5.
(pdftex.def)             Requested size: 333.46758pt x 47.07639pt.
)

Package Fancyhdr Warning: \headheight is too small (12.0pt): 
 Make it at least 13.59999pt.
 We now make it that large for the rest of the document.
 This may cause the page layout to be inconsistent, however.

[18

] (./labbook.aux (./preface.aux) (./guidelines_labbook.aux) (./mouse018.aux) (.
/m018-20170113-1711.aux) (./m018-20170113-1720.aux)
(./m018-20170113-1728.aux) (./mouse019.aux) (./m019-20170113-1820.aux)
(./m019-20170113-1842.aux) (./m019-20170113-1853.aux)
(./appendix_sop_imaging.aux) (./appendix_sop_window_implant.aux)
(./appendix_protocol_mouse_habituation.aux)) )
(\end occurred inside a group at level 2)

### simple group (level 2) entered at line 2 ({)
### simple group (level 1) entered at line 2 ({)
### bottom level 
Here is how much of TeX's memory you used:
 7383 strings out of 493014
 114421 string characters out of 6133352
 192083 words of memory out of 5000000
 10664 multiletter control sequences out of 15000+600000
 11705 words of font info for 43 fonts, out of 8000000 for 9000
 1141 hyphenation exceptions out of 8191
 41i,18n,45p,371b,431s stack positions out of 5000i,500n,10000p,200000b,80000s
{/usr/local/texlive/2016/texmf-dist/fonts/enc/dvips/cm-super/cm
-super-ts1.enc}</usr/local/texlive/2016/texmf-dist/fonts/type1/public/amsfonts/
cm/cmbx10.pfb></usr/local/texlive/2016/texmf-dist/fonts/type1/public/amsfonts/c
m/cmbx12.pfb></usr/local/texlive/2016/texmf-dist/fonts/type1/public/amsfonts/cm
/cmr10.pfb></usr/local/texlive/2016/texmf-dist/fonts/type1/public/amsfonts/cm/c
mti10.pfb></usr/local/texlive/2016/texmf-dist/fonts/type1/public/cm-super/sfrm1
095.pfb>
Output written on labbook.pdf (26 pages, 8598016 bytes).
PDF statistics:
 145 PDF objects out of 1000 (max. 8388607)
 86 compressed objects within 1 object stream
 0 named destinations out of 1000 (max. 500000)
 116 words of extra memory for PDF output out of 10000 (max. 10000000)

